\BOOKMARK [0][-]{chapter.1}{\376\377\000R\000e\000a\000d\000m\000e}{}% 1
\BOOKMARK [1][-]{section.1.1}{\376\377\000G\000e\000t\000t\000i\000n\000g\000\040\000S\000t\000a\000r\000t\000e\000d}{chapter.1}% 2
\BOOKMARK [1][-]{section.1.2}{\376\377\000I\000n\000s\000t\000a\000l\000l\000a\000t\000i\000o\000n}{chapter.1}% 3
\BOOKMARK [0][-]{chapter.2}{\376\377\000C\000l\000a\000s\000s\000e\000s\000\040\000\050\000d\000s\000p\000t\000o\000o\000l\000b\000o\000x\000.\000c\000l\000a\000s\000s\000e\000s\000\051}{}% 4
\BOOKMARK [1][-]{section.2.1}{\376\377\000S\000i\000g\000n\000a\000l}{chapter.2}% 5
\BOOKMARK [1][-]{section.2.2}{\376\377\000M\000u\000l\000t\000i\000B\000a\000n\000d\000S\000i\000g\000n\000a\000l}{chapter.2}% 6
\BOOKMARK [1][-]{section.2.3}{\376\377\000F\000i\000l\000t\000e\000r}{chapter.2}% 7
\BOOKMARK [1][-]{section.2.4}{\376\377\000F\000i\000l\000t\000e\000r\000b\000a\000n\000k}{chapter.2}% 8
\BOOKMARK [0][-]{chapter.3}{\376\377\000M\000o\000d\000u\000l\000e\000s\000\040\000i\000n\000\040\000d\000s\000p\000t\000o\000o\000l\000b\000o\000x}{}% 9
\BOOKMARK [1][-]{section.3.1}{\376\377\000D\000i\000s\000t\000a\000n\000c\000e\000s\000\040\000\050\000d\000s\000p\000t\000o\000o\000l\000b\000o\000x\000.\000d\000i\000s\000t\000a\000n\000c\000e\000s\000\051}{chapter.3}% 10
\BOOKMARK [1][-]{section.3.2}{\376\377\000F\000i\000l\000t\000e\000r\000b\000a\000n\000k\000s\000\040\000\050\000d\000s\000p\000t\000o\000o\000l\000b\000o\000x\000.\000f\000i\000l\000t\000e\000r\000b\000a\000n\000k\000s\000\051}{chapter.3}% 11
\BOOKMARK [1][-]{section.3.3}{\376\377\000G\000e\000n\000e\000r\000a\000t\000o\000r\000s\000\040\000\050\000d\000s\000p\000t\000o\000o\000l\000b\000o\000x\000.\000g\000e\000n\000e\000r\000a\000t\000o\000r\000s\000\051}{chapter.3}% 12
\BOOKMARK [1][-]{section.3.4}{\376\377\000M\000e\000a\000s\000u\000r\000e\000\040\000\050\000d\000s\000p\000t\000o\000o\000l\000b\000o\000x\000.\000m\000e\000a\000s\000u\000r\000e\000\051}{chapter.3}% 13
\BOOKMARK [1][-]{section.3.5}{\376\377\000P\000l\000o\000t\000s\000\040\000\050\000d\000s\000p\000t\000o\000o\000l\000b\000o\000x\000.\000p\000l\000o\000t\000s\000\051}{chapter.3}% 14
\BOOKMARK [1][-]{section.3.6}{\376\377\000R\000o\000o\000m\000\040\000a\000c\000o\000u\000s\000t\000i\000c\000s\000\040\000\050\000d\000s\000p\000t\000o\000o\000l\000b\000o\000x\000.\000r\000o\000o\000m\000\137\000a\000c\000o\000u\000s\000t\000i\000c\000s\000\051}{chapter.3}% 15
\BOOKMARK [1][-]{section.3.7}{\376\377\000S\000p\000e\000c\000i\000a\000l\000\040\000\050\000d\000s\000p\000t\000o\000o\000l\000b\000o\000x\000.\000s\000p\000e\000c\000i\000a\000l\000\051}{chapter.3}% 16
\BOOKMARK [1][-]{section.3.8}{\376\377\000S\000t\000a\000n\000d\000a\000r\000d\000\040\000f\000u\000n\000c\000t\000i\000o\000n\000s\000\040\000\050\000d\000s\000p\000t\000o\000o\000l\000b\000o\000x\000.\000*\000\051}{chapter.3}% 17
\BOOKMARK [1][-]{section.3.9}{\376\377\000T\000r\000a\000n\000s\000f\000e\000r\000\040\000f\000u\000n\000c\000t\000i\000o\000n\000s\000\040\000\050\000d\000s\000p\000t\000o\000o\000l\000b\000o\000x\000.\000t\000r\000a\000n\000s\000f\000e\000r\000\137\000f\000u\000n\000c\000t\000i\000o\000n\000s\000\051}{chapter.3}% 18
\BOOKMARK [0][-]{chapter.4}{\376\377\000I\000n\000d\000i\000c\000e\000s\000\040\000a\000n\000d\000\040\000t\000a\000b\000l\000e\000s}{}% 19
\BOOKMARK [0][-]{section*.104}{\376\377\000P\000y\000t\000h\000o\000n\000\040\000M\000o\000d\000u\000l\000e\000\040\000I\000n\000d\000e\000x}{}% 20
\BOOKMARK [0][-]{section*.105}{\376\377\000I\000n\000d\000e\000x}{}% 21
